<?xml version="1.0" encoding="UTF-8"?>
<!-- Generated by org.testng.reporters.JUnitReportReporter -->
<testsuite skipped="0" hostname="DESKTOP-8QTLCQR" name="testing.com.PranithSelenium.SeleniumActions" tests="1" failures="0" timestamp="22 Jul 2021 11:12:15 GMT" time="9.471" errors="0">
  <testcase name="tableData" time="9.471" classname="testing.com.PranithSelenium.SeleniumActions"/>
</testsuite> <!-- testing.com.PranithSelenium.SeleniumActions -->
