<?xml version="1.0" encoding="UTF-8"?>
<!-- Generated by org.testng.reporters.JUnitReportReporter -->
<testsuite skipped="0" hostname="DESKTOP-8QTLCQR" name="testing.com.PranithSelenium.TestDemo" tests="5" failures="0" timestamp="28 Jul 2021 11:46:02 GMT" time="38.394" errors="0">
  <testcase name="divideWith0" time="8.359" classname="testing.com.PranithSelenium.TestDemo"/>
  <testcase name="substract" time="7.262" classname="testing.com.PranithSelenium.TestDemo"/>
  <testcase name="divide" time="7.444" classname="testing.com.PranithSelenium.TestDemo"/>
  <testcase name="add" time="7.960" classname="testing.com.PranithSelenium.TestDemo"/>
  <testcase name="multiply" time="7.369" classname="testing.com.PranithSelenium.TestDemo"/>
</testsuite> <!-- testing.com.PranithSelenium.TestDemo -->
